<?xml version="1.0" encoding="UTF-8"?>
<!-- Generated by org.testng.reporters.JUnitReportReporter -->
<testsuite hostname="LAPTOP-T0NS83VU" failures="0" tests="4" name="dataBaseTesting.myTestCases" time="4.443" errors="0" timestamp="2024-07-01T00:43:34 AST" skipped="0">
  <testcase classname="dataBaseTesting.myTestCases" name="addData" time="0.031"/>
  <system-out/>
  <testcase classname="dataBaseTesting.myTestCases" name="updateData" time="0.006"/>
  <system-out/>
  <testcase classname="dataBaseTesting.myTestCases" name="getData" time="4.391"/>
  <system-out/>
  <testcase classname="dataBaseTesting.myTestCases" name="deleteData" time="0.015"/>
  <system-out/>
</testsuite> <!-- dataBaseTesting.myTestCases -->
